-------------------------------------------------------------------------------
Test set: es.iespuertodelacruz.procesadores.controladores.FabricanteControladorTest
-------------------------------------------------------------------------------
<<<<<<< HEAD
Tests run: 4, Failures: 0, Errors: 0, Skipped: 0, Time elapsed: 0.122 s - in es.iespuertodelacruz.procesadores.controladores.FabricanteControladorTest
=======
<<<<<<< HEAD
Tests run: 4, Failures: 0, Errors: 0, Skipped: 0, Time elapsed: 12.54 s - in es.iespuertodelacruz.procesadores.controladores.FabricanteControladorTest
=======
Tests run: 4, Failures: 0, Errors: 0, Skipped: 0, Time elapsed: 0.098 s - in es.iespuertodelacruz.procesadores.controladores.FabricanteControladorTest
>>>>>>> 61a3bb76c5a1a92acc738f66fc0bdf0c7451656a
>>>>>>> 07eb8b8559c2da133858ca4bbbc1689e4eaad3e8
