-------------------------------------------------------------------------------
Test set: es.iespuertodelacruz.procesadores.controladores.GraficaIntegradaControladorTest
-------------------------------------------------------------------------------
<<<<<<< HEAD
Tests run: 4, Failures: 0, Errors: 0, Skipped: 0, Time elapsed: 0.641 s - in es.iespuertodelacruz.procesadores.controladores.GraficaIntegradaControladorTest
=======
<<<<<<< HEAD
Tests run: 4, Failures: 0, Errors: 0, Skipped: 0, Time elapsed: 13.188 s - in es.iespuertodelacruz.procesadores.controladores.GraficaIntegradaControladorTest
=======
Tests run: 4, Failures: 0, Errors: 0, Skipped: 0, Time elapsed: 0.332 s - in es.iespuertodelacruz.procesadores.controladores.GraficaIntegradaControladorTest
>>>>>>> 61a3bb76c5a1a92acc738f66fc0bdf0c7451656a
>>>>>>> 07eb8b8559c2da133858ca4bbbc1689e4eaad3e8
